09:31:22,420 root INFO >>>>> Start of UCDP SMOLIAN script
09:31:22,420 root INFO >>>>> Crawl UCDP SMOLIAN: False ......
09:31:22,458 root INFO >>>>> # observations in latest merge: 1561 ......
09:31:59,208 root INFO >>>>> Start of UCDP SMOLIAN script
09:31:59,208 root INFO >>>>> Crawl UCDP SMOLIAN: True ......
09:31:59,208 root INFO ......................SPYDER CRAWLER START......................
09:31:59,208 root INFO >>>>> Total # of pre-selected files to be crawled: 3 ......
09:31:59,208 root INFO >>>>> Crawl all pages: False ......
09:31:59,272 scrapy.extensions.telnet INFO Telnet Password: a3c97cd171133d4d
09:31:59,463 scrapy.extensions.logstats INFO Crawled 0 pages (at 0 pages/min), scraped 0 items (at 0 items/min)
09:31:59,464 scrapy.extensions.telnet INFO Telnet console listening on 127.0.0.1:6023
09:32:07,794 filelock DEBUG Attempting to acquire lock 140290010220864 on /Users/bilyanavencheva/.cache/python-tldextract/3.9.13.final__WoodAuctionExtraction__a1333e__tldextract-3.2.0/publicsuffix.org-tlds/de84b5ca2167d4c83e38fb162f2e8738.tldextract.json.lock
09:32:07,795 filelock DEBUG Lock 140290010220864 acquired on /Users/bilyanavencheva/.cache/python-tldextract/3.9.13.final__WoodAuctionExtraction__a1333e__tldextract-3.2.0/publicsuffix.org-tlds/de84b5ca2167d4c83e38fb162f2e8738.tldextract.json.lock
09:32:07,795 filelock DEBUG Attempting to acquire lock 140290010414528 on /Users/bilyanavencheva/.cache/python-tldextract/3.9.13.final__WoodAuctionExtraction__a1333e__tldextract-3.2.0/urls/62bf135d1c2f3d4db4228b9ecaf507a2.tldextract.json.lock
09:32:07,795 filelock DEBUG Lock 140290010414528 acquired on /Users/bilyanavencheva/.cache/python-tldextract/3.9.13.final__WoodAuctionExtraction__a1333e__tldextract-3.2.0/urls/62bf135d1c2f3d4db4228b9ecaf507a2.tldextract.json.lock
09:32:07,797 filelock DEBUG Attempting to release lock 140290010414528 on /Users/bilyanavencheva/.cache/python-tldextract/3.9.13.final__WoodAuctionExtraction__a1333e__tldextract-3.2.0/urls/62bf135d1c2f3d4db4228b9ecaf507a2.tldextract.json.lock
09:32:07,797 filelock DEBUG Lock 140290010414528 released on /Users/bilyanavencheva/.cache/python-tldextract/3.9.13.final__WoodAuctionExtraction__a1333e__tldextract-3.2.0/urls/62bf135d1c2f3d4db4228b9ecaf507a2.tldextract.json.lock
09:32:07,805 filelock DEBUG Attempting to release lock 140290010220864 on /Users/bilyanavencheva/.cache/python-tldextract/3.9.13.final__WoodAuctionExtraction__a1333e__tldextract-3.2.0/publicsuffix.org-tlds/de84b5ca2167d4c83e38fb162f2e8738.tldextract.json.lock
09:32:07,805 filelock DEBUG Lock 140290010220864 released on /Users/bilyanavencheva/.cache/python-tldextract/3.9.13.final__WoodAuctionExtraction__a1333e__tldextract-3.2.0/publicsuffix.org-tlds/de84b5ca2167d4c83e38fb162f2e8738.tldextract.json.lock
09:32:07,913 root INFO Extracting files from a selected set: 3
09:32:07,915 scrapy.statscollectors INFO Dumping Scrapy stats:
{'downloader/request_bytes': 251,
 'downloader/request_count': 1,
 'downloader/request_method_count/GET': 1,
 'downloader/response_bytes': 247422,
 'downloader/response_count': 1,
 'downloader/response_status_count/200': 1,
 'elapsed_time_seconds': 8.452147,
 'finish_reason': 'finished',
 'finish_time': datetime.datetime(2022, 11, 14, 7, 32, 7, 914779),
 'log_count/DEBUG': 8,
 'log_count/INFO': 4,
 'memusage/max': 161579008,
 'memusage/startup': 161579008,
 'response_received_count': 1,
 'scheduler/dequeued': 1,
 'scheduler/dequeued/memory': 1,
 'scheduler/enqueued': 1,
 'scheduler/enqueued/memory': 1,
 'start_time': datetime.datetime(2022, 11, 14, 7, 31, 59, 462632)}
09:32:07,921 root INFO ......................SPYDER CRAWLER END......................
09:32:07,921 root INFO >>>>> Finish craw with export path: EXPORTS/ARCHIVE ......
09:32:07,921 root INFO Start of procedure to merge UCDP export at [EXPORTS/ARCHIVE], delete_prior = True
09:32:07,923 root INFO #merged files removed: 1
09:32:07,923 root INFO Merging all previously downloaded files: #15
09:32:08,98 root INFO Updated merged file (#1561) created at exports/archive: merged_ucdp-smolian_2022-11-14 09:32:08.032137.json 
09:32:08,139 root INFO >>>>> # observations in latest merge: 1561 ......
